<?xml version="1.0" encoding="UTF-8"?>
<testsuite xmlns:xsi="http://www.w3.org/2001/XMLSchema-instance" xsi:noNamespaceSchemaLocation="https://maven.apache.org/surefire/maven-surefire-plugin/xsd/surefire-test-report-3.0.xsd" version="3.0" name="unicuts.UnicutsBackendApplicationTests" time="6.629" tests="1" errors="0" skipped="0" failures="0">
  <properties>
[...]
</properties>
  <testcase name="contextLoads" classname="unicuts.UnicutsBackendApplicationTests" time="0.65">
    <system-out><![CDATA[17:20:10.434 [main] INFO org.springframework.test.context.support.AnnotationConfigContextLoaderUtils -- Could not detect default configuration classes for test class [unicuts.UnicutsBackendApplicationTests]: UnicutsBackendApplicationTests does not declare any static, non-private, non-final, nested classes annotated with @Configuration.
17:20:10.529 [main] INFO org.springframework.boot.test.context.SpringBootTestContextBootstrapper -- Found @SpringBootConfiguration unicuts.UnicutsBackendApplication for test class unicuts.UnicutsBackendApplicationTests

  .   ____          _            __ _ _
 /\\ / ___'_ __ _ _(_)_ __  __ _ \ \ \ \
( ( )\___ | '_ | '_| | '_ \/ _` | \ \ \ \
 \\/  ___)| |_)| | | | | || (_| |  ) ) ) )
  '  |____| .__|_| |_|_| |_\__, | / / / /
 =========|_|==============|___/=/_/_/_/
 :: Spring Boot ::                (v3.1.0)

2023-05-23T17:20:11.199-03:00  INFO 17668 --- [           main] unicuts.UnicutsBackendApplicationTests   : Starting UnicutsBackendApplicationTests using Java 17.0.1 with PID 17668 (started by tcpassos in C:\Projetos\unicuts-backend)
2023-05-23T17:20:11.200-03:00  INFO 17668 --- [           main] unicuts.UnicutsBackendApplicationTests   : No active profile set, falling back to 1 default profile: "default"
2023-05-23T17:20:12.301-03:00  INFO 17668 --- [           main] .s.d.r.c.RepositoryConfigurationDelegate : Bootstrapping Spring Data JPA repositories in DEFAULT mode.
2023-05-23T17:20:12.402-03:00  INFO 17668 --- [           main] .s.d.r.c.RepositoryConfigurationDelegate : Finished Spring Data repository scanning in 92 ms. Found 1 JPA repository interfaces.
2023-05-23T17:20:13.023-03:00  INFO 17668 --- [           main] com.zaxxer.hikari.HikariDataSource       : HikariPool-1 - Starting...
2023-05-23T17:20:13.233-03:00  INFO 17668 --- [           main] com.zaxxer.hikari.pool.HikariPool        : HikariPool-1 - Added connection conn0: url=jdbc:h2:mem:unicuts user=UNICUTS
2023-05-23T17:20:13.235-03:00  INFO 17668 --- [           main] com.zaxxer.hikari.HikariDataSource       : HikariPool-1 - Start completed.
2023-05-23T17:20:13.336-03:00  INFO 17668 --- [           main] o.hibernate.jpa.internal.util.LogHelper  : HHH000204: Processing PersistenceUnitInfo [name: default]
2023-05-23T17:20:13.400-03:00  INFO 17668 --- [           main] org.hibernate.Version                    : HHH000412: Hibernate ORM core version 6.2.2.Final
2023-05-23T17:20:13.408-03:00  INFO 17668 --- [           main] org.hibernate.cfg.Environment            : HHH000406: Using bytecode reflection optimizer
2023-05-23T17:20:13.595-03:00  INFO 17668 --- [           main] o.h.b.i.BytecodeProviderInitiator        : HHH000021: Bytecode provider name : bytebuddy
2023-05-23T17:20:13.811-03:00  INFO 17668 --- [           main] o.s.o.j.p.SpringPersistenceUnitInfo      : No LoadTimeWeaver setup: ignoring JPA class transformer
2023-05-23T17:20:13.862-03:00  INFO 17668 --- [           main] org.hibernate.orm.dialect                : HHH035001: Using dialect: org.hibernate.dialect.H2Dialect, version: 2.1.214
2023-05-23T17:20:14.124-03:00  INFO 17668 --- [           main] o.h.b.i.BytecodeProviderInitiator        : HHH000021: Bytecode provider name : bytebuddy
2023-05-23T17:20:14.750-03:00  INFO 17668 --- [           main] o.h.e.t.j.p.i.JtaPlatformInitiator       : HHH000490: Using JtaPlatform implementation: [org.hibernate.engine.transaction.jta.platform.internal.NoJtaPlatform]
Hibernate: drop table if exists cidade cascade 
Hibernate: drop table if exists cliente cascade 
Hibernate: drop table if exists endereco cascade 
Hibernate: drop table if exists estado cascade 
Hibernate: create table cidade (codigo bigint not null, descricao varchar(255), estado_uf varchar(255), primary key (codigo))
Hibernate: create table cliente (id bigint generated by default as identity, email varchar(255) not null unique, nome varchar(255) not null, senha varchar(255) not null unique, primary key (id))
Hibernate: create table endereco (cidade_codigo bigint, id bigint generated by default as identity, logradouro varchar(255), primary key (id))
Hibernate: create table estado (descricao varchar(255), uf varchar(255) not null, primary key (uf))
Hibernate: alter table if exists cidade add constraint FK3wyqca8lvbqwbttd6n4e9iwxn foreign key (estado_uf) references estado
Hibernate: alter table if exists endereco add constraint FKshbs9yy08dpietao1plqugurk foreign key (cidade_codigo) references cidade
2023-05-23T17:20:14.821-03:00  INFO 17668 --- [           main] o.h.t.s.i.e.GenerationTargetToDatabase   : HHH000476: Executing script '[injected ScriptSourceInputNonExistentImpl script]'
2023-05-23T17:20:14.823-03:00  INFO 17668 --- [           main] j.LocalContainerEntityManagerFactoryBean : Initialized JPA EntityManagerFactory for persistence unit 'default'
2023-05-23T17:20:15.587-03:00  WARN 17668 --- [           main] JpaBaseConfiguration$JpaWebConfiguration : spring.jpa.open-in-view is enabled by default. Therefore, database queries may be performed during view rendering. Explicitly configure spring.jpa.open-in-view to disable this warning
2023-05-23T17:20:16.094-03:00  INFO 17668 --- [           main] o.s.b.a.h2.H2ConsoleAutoConfiguration    : H2 console available at '/h2-console'. Database available at 'jdbc:h2:mem:unicuts'
2023-05-23T17:20:16.183-03:00  INFO 17668 --- [           main] unicuts.UnicutsBackendApplicationTests   : Started UnicutsBackendApplicationTests in 5.45 seconds (process running for 6.501)
]]></system-out>
  </testcase>
</testsuite>